<?xml version="1.0" encoding="UTF-8"?>
<testng-results ignored="0" total="1" passed="1" failed="0" skipped="0">
  <reporter-output>
  </reporter-output>
  <suite started-at="2025-09-08T11:40:39 IST" name="D2E2ESparkMobile Automation Test Suite" finished-at="2025-09-08T11:41:35 IST" duration-ms="55802">
    <groups>
      <group name="cucumber">
        <method signature="AbstractTestNGCucumberTests.runScenario(io.cucumber.testng.PickleWrapper,io.cucumber.testng.FeatureWrapper)[pri:0, instance:com.deposit.D2E2EMobileFramework.D2E2ESparkMobileFramework.Runner.TestRunner@27e47833]" name="runScenario" class="io.cucumber.testng.AbstractTestNGCucumberTests"/>
      </group> <!-- cucumber -->
    </groups>
    <test started-at="2025-09-08T11:40:39 IST" name="Default test" finished-at="2025-09-08T11:41:35 IST" duration-ms="55802">
      <class name="com.deposit.D2E2EMobileFramework.D2E2ESparkMobileFramework.Runner.TestRunner">
        <test-method is-config="true" signature="setUpClass(org.testng.ITestContext)[pri:0, instance:com.deposit.D2E2EMobileFramework.D2E2ESparkMobileFramework.Runner.TestRunner@27e47833]" started-at="2025-09-08T11:40:39 IST" name="setUpClass" finished-at="2025-09-08T11:40:40 IST" duration-ms="284" status="PASS">
          <params>
            <param index="0">
              <value>
                <![CDATA[org.testng.TestRunner@69f2cb04]]>
              </value>
            </param>
          </params>
          <reporter-output>
          </reporter-output>
        </test-method> <!-- setUpClass -->
        <test-method is-config="true" signature="setupClass()[pri:0, instance:com.deposit.D2E2EMobileFramework.D2E2ESparkMobileFramework.Runner.TestRunner@27e47833]" started-at="2025-09-08T11:40:40 IST" name="setupClass" finished-at="2025-09-08T11:40:40 IST" duration-ms="17" status="PASS">
          <reporter-output>
          </reporter-output>
        </test-method> <!-- setupClass -->
        <test-method signature="runScenario(io.cucumber.testng.PickleWrapper,io.cucumber.testng.FeatureWrapper)[pri:0, instance:com.deposit.D2E2EMobileFramework.D2E2ESparkMobileFramework.Runner.TestRunner@27e47833]" started-at="2025-09-08T11:40:40 IST" name="runScenario" description="Runs Cucumber Scenarios" data-provider="scenarios" finished-at="2025-09-08T11:41:35 IST" duration-ms="54902" status="PASS">
          <params>
            <param index="0">
              <value>
                <![CDATA["Login to Mobile app"]]>
              </value>
            </param>
            <param index="1">
              <value>
                <![CDATA["Capture the toke from browser and login to Mobile app"]]>
              </value>
            </param>
          </params>
          <reporter-output>
          </reporter-output>
        </test-method> <!-- runScenario -->
        <test-method is-config="true" signature="tearDwonClass()[pri:0, instance:com.deposit.D2E2EMobileFramework.D2E2ESparkMobileFramework.Runner.TestRunner@27e47833]" started-at="2025-09-08T11:41:35 IST" name="tearDwonClass" finished-at="2025-09-08T11:41:35 IST" duration-ms="21" status="PASS">
          <reporter-output>
          </reporter-output>
        </test-method> <!-- tearDwonClass -->
        <test-method is-config="true" signature="tearDownClass()[pri:0, instance:com.deposit.D2E2EMobileFramework.D2E2ESparkMobileFramework.Runner.TestRunner@27e47833]" started-at="2025-09-08T11:41:35 IST" name="tearDownClass" finished-at="2025-09-08T11:41:35 IST" duration-ms="8" status="PASS">
          <reporter-output>
          </reporter-output>
        </test-method> <!-- tearDownClass -->
      </class> <!-- com.deposit.D2E2EMobileFramework.D2E2ESparkMobileFramework.Runner.TestRunner -->
    </test> <!-- Default test -->
  </suite> <!-- D2E2ESparkMobile Automation Test Suite -->
</testng-results>
