<?xml version="1.0" encoding="UTF-8"?>
<!-- Generated by org.testng.reporters.JUnitReportReporter -->
<testsuite hostname="Luckys-MacBook-Air.local" failures="0" tests="1" name="com.deposit.D2E2EMobileFramework.D2E2ESparkMobileFramework.Runner.TestRunner" time="54.902" errors="0" timestamp="2025-09-08T11:41:35 IST" skipped="0">
  <testcase classname="com.deposit.D2E2EMobileFramework.D2E2ESparkMobileFramework.Runner.TestRunner" name="runScenario" time="54.902"/>
</testsuite> <!-- com.deposit.D2E2EMobileFramework.D2E2ESparkMobileFramework.Runner.TestRunner -->
